<?xml version="1.0" encoding="UTF-8"?>
<!-- Generated by org.testng.reporters.JUnitReportReporter -->
<testsuite skipped="0" hostname="M2002" name="tests.ElementsTests" tests="2" failures="0" timestamp="2022-12-26T16:29:27 PST" time="9.880" errors="0">
  <testcase name="testAlertAddToCartButton" time="9.516" classname="tests.ElementsTests"/>
  <system-out/>
  <testcase name="testVerifiedCategories" time="0.364" classname="tests.ElementsTests"/>
  <system-out/>
</testsuite> <!-- tests.ElementsTests -->
